[33mgpu id (to use): 1[0m
[33mTrain mode[0m
[iDP3Encoder] point cloud shape: [4096, 3]
[iDP3Encoder] state shape: [15]
[DP3Encoder] output dim: 192
[DiffusionPointcloudPolicy] use_pc_color: False
[DiffusionPointcloudPolicy] pointnet_type: multi_stage_pointnet
[2025-01-17 17:04:40,182][diffusion_policy_3d.model.diffusion.conditional_unet1d][INFO] - number of parameters: 6.850933e+07
----------------------------------
Class name: DiffusionPointcloudPolicy
  Number of parameters: 68.7783M
   _dummy_variable: 0.0000M (0.00%)
   obs_encoder: 0.2690M (0.39%)
   model: 68.5093M (99.61%)
   mask_generator: 0.0000M (0.00%)
----------------------------------
Loading MarsmindEpisodeDataset from /media/viewer/Image_Lab/embod_data/MarsMind_data/Cruise_C
-----------------------------
[WandB] group: marsmind-3d-idp3-0116_marsmind_episode_only_pc_cruise_C
[WandB] name: 0
-----------------------------
val loss: 2.7371279
checkpoint saved.
val loss: 0.7234577
checkpoint saved.
val loss: 0.0137214
checkpoint saved.
val loss: 0.0041134
checkpoint saved.
